[2019-06-22 10:25:22] development.DEBUG: Sent To: +255652393582, Content: Test Message  
[2019-06-22 10:26:36] development.DEBUG: Sent To: +255652393582, Content: Test Message  
[2019-06-22 10:26:58] development.ERROR:  {"exception":"[object] (Exception(code: 0):  at /Users/tumaini/workspace/sandbox/jubilee/sms-sender/app/Commands/ProcessOutgoing.php:44)
[stacktrace]
#0 /Users/tumaini/workspace/sandbox/jubilee/sms-sender/vendor/nunomaduro/laravel-console-task/src/LaravelConsoleTaskServiceProvider.php(49): App\\Commands\\ProcessOutgoing->App\\Commands\\{closure}()
#1 [internal function]: App\\Commands\\ProcessOutgoing->NunoMaduro\\LaravelConsoleTask\\{closure}('Sending message...', Object(Closure))
#2 /Users/tumaini/workspace/sandbox/jubilee/sms-sender/vendor/illuminate/support/Traits/Macroable.php(110): call_user_func_array(Object(Closure), Array)
#3 /Users/tumaini/workspace/sandbox/jubilee/sms-sender/vendor/laravel-zero/framework/src/Commands/Command.php(56): Illuminate\\Console\\Command->__call('task', Array)
#4 /Users/tumaini/workspace/sandbox/jubilee/sms-sender/app/Commands/ProcessOutgoing.php(61): LaravelZero\\Framework\\Commands\\Command->task('Sending message...', Object(Closure))
#5 [internal function]: App\\Commands\\ProcessOutgoing->handle()
#6 /Users/tumaini/workspace/sandbox/jubilee/sms-sender/vendor/illuminate/container/BoundMethod.php(32): call_user_func_array(Array, Array)
#7 /Users/tumaini/workspace/sandbox/jubilee/sms-sender/vendor/illuminate/container/BoundMethod.php(90): Illuminate\\Container\\BoundMethod::Illuminate\\Container\\{closure}()
#8 /Users/tumaini/workspace/sandbox/jubilee/sms-sender/vendor/illuminate/container/BoundMethod.php(34): Illuminate\\Container\\BoundMethod::callBoundMethod(Object(LaravelZero\\Framework\\Application), Array, Object(Closure))
#9 /Users/tumaini/workspace/sandbox/jubilee/sms-sender/vendor/illuminate/container/Container.php(576): Illuminate\\Container\\BoundMethod::call(Object(LaravelZero\\Framework\\Application), Array, Array, NULL)
#10 /Users/tumaini/workspace/sandbox/jubilee/sms-sender/vendor/illuminate/console/Command.php(183): Illuminate\\Container\\Container->call(Array)
#11 /Users/tumaini/workspace/sandbox/jubilee/sms-sender/vendor/symfony/console/Command/Command.php(255): Illuminate\\Console\\Command->execute(Object(Symfony\\Component\\Console\\Input\\ArgvInput), Object(Illuminate\\Console\\OutputStyle))
#12 /Users/tumaini/workspace/sandbox/jubilee/sms-sender/vendor/illuminate/console/Command.php(170): Symfony\\Component\\Console\\Command\\Command->run(Object(Symfony\\Component\\Console\\Input\\ArgvInput), Object(Illuminate\\Console\\OutputStyle))
#13 /Users/tumaini/workspace/sandbox/jubilee/sms-sender/vendor/symfony/console/Application.php(921): Illuminate\\Console\\Command->run(Object(Symfony\\Component\\Console\\Input\\ArgvInput), Object(Symfony\\Component\\Console\\Output\\ConsoleOutput))
#14 /Users/tumaini/workspace/sandbox/jubilee/sms-sender/vendor/symfony/console/Application.php(273): Symfony\\Component\\Console\\Application->doRunCommand(Object(App\\Commands\\ProcessOutgoing), Object(Symfony\\Component\\Console\\Input\\ArgvInput), Object(Symfony\\Component\\Console\\Output\\ConsoleOutput))
#15 /Users/tumaini/workspace/sandbox/jubilee/sms-sender/vendor/symfony/console/Application.php(149): Symfony\\Component\\Console\\Application->doRun(Object(Symfony\\Component\\Console\\Input\\ArgvInput), Object(Symfony\\Component\\Console\\Output\\ConsoleOutput))
#16 /Users/tumaini/workspace/sandbox/jubilee/sms-sender/vendor/illuminate/console/Application.php(90): Symfony\\Component\\Console\\Application->run(Object(Symfony\\Component\\Console\\Input\\ArgvInput), Object(Symfony\\Component\\Console\\Output\\ConsoleOutput))
#17 /Users/tumaini/workspace/sandbox/jubilee/sms-sender/vendor/laravel-zero/foundation/src/Illuminate/Foundation/Console/Kernel.php(122): Illuminate\\Console\\Application->run(Object(Symfony\\Component\\Console\\Input\\ArgvInput), Object(Symfony\\Component\\Console\\Output\\ConsoleOutput))
#18 /Users/tumaini/workspace/sandbox/jubilee/sms-sender/vendor/laravel-zero/framework/src/Kernel.php(77): Illuminate\\Foundation\\Console\\Kernel->handle(Object(Symfony\\Component\\Console\\Input\\ArgvInput), Object(Symfony\\Component\\Console\\Output\\ConsoleOutput))
#19 /Users/tumaini/workspace/sandbox/jubilee/sms-sender/sms-sender(37): LaravelZero\\Framework\\Kernel->handle(Object(Symfony\\Component\\Console\\Input\\ArgvInput), Object(Symfony\\Component\\Console\\Output\\ConsoleOutput))
#20 {main}
"} 
[2019-06-22 10:41:02] development.ERROR: SQLSTATE[42701]: Duplicate column: 7 ERROR:  column "msisdn" specified more than once (SQL: create table "outgoing_sms" ("msisdn" bigserial primary key not null, "msisdn" varchar(255) not null, "text" text not null, "sender_name" varchar(255) null, "sent_at" timestamp(0) without time zone null)) {"exception":"[object] (Illuminate\\Database\\QueryException(code: 42701): SQLSTATE[42701]: Duplicate column: 7 ERROR:  column \"msisdn\" specified more than once (SQL: create table \"outgoing_sms\" (\"msisdn\" bigserial primary key not null, \"msisdn\" varchar(255) not null, \"text\" text not null, \"sender_name\" varchar(255) null, \"sent_at\" timestamp(0) without time zone null)) at /Users/tumaini/workspace/sandbox/jubilee/sms-sender/vendor/illuminate/database/Connection.php:664, PDOException(code: 42701): SQLSTATE[42701]: Duplicate column: 7 ERROR:  column \"msisdn\" specified more than once at /Users/tumaini/workspace/sandbox/jubilee/sms-sender/vendor/illuminate/database/Connection.php:458)
[stacktrace]
#0 /Users/tumaini/workspace/sandbox/jubilee/sms-sender/vendor/illuminate/database/Connection.php(624): Illuminate\\Database\\Connection->runQueryCallback('create table \"o...', Array, Object(Closure))
#1 /Users/tumaini/workspace/sandbox/jubilee/sms-sender/vendor/illuminate/database/Connection.php(459): Illuminate\\Database\\Connection->run('create table \"o...', Array, Object(Closure))
#2 /Users/tumaini/workspace/sandbox/jubilee/sms-sender/vendor/illuminate/database/Schema/Blueprint.php(97): Illuminate\\Database\\Connection->statement('create table \"o...')
#3 /Users/tumaini/workspace/sandbox/jubilee/sms-sender/vendor/illuminate/database/Schema/Builder.php(278): Illuminate\\Database\\Schema\\Blueprint->build(Object(Illuminate\\Database\\PostgresConnection), Object(Illuminate\\Database\\Schema\\Grammars\\PostgresGrammar))
#4 /Users/tumaini/workspace/sandbox/jubilee/sms-sender/vendor/illuminate/database/Schema/Builder.php(167): Illuminate\\Database\\Schema\\Builder->build(Object(Illuminate\\Database\\Schema\\Blueprint))
#5 /Users/tumaini/workspace/sandbox/jubilee/sms-sender/vendor/illuminate/support/Facades/Facade.php(237): Illuminate\\Database\\Schema\\Builder->create('outgoing_sms', Object(Closure))
#6 /Users/tumaini/workspace/sandbox/jubilee/sms-sender/database/migrations/2019_06_22_095754_create_outgoing_sms_table.php(24): Illuminate\\Support\\Facades\\Facade::__callStatic('create', Array)
#7 /Users/tumaini/workspace/sandbox/jubilee/sms-sender/vendor/illuminate/database/Migrations/Migrator.php(379): CreateOutgoingSmsTable->up()
#8 /Users/tumaini/workspace/sandbox/jubilee/sms-sender/vendor/illuminate/database/Concerns/ManagesTransactions.php(29): Illuminate\\Database\\Migrations\\Migrator->Illuminate\\Database\\Migrations\\{closure}(Object(Illuminate\\Database\\PostgresConnection))
#9 /Users/tumaini/workspace/sandbox/jubilee/sms-sender/vendor/illuminate/database/Migrations/Migrator.php(387): Illuminate\\Database\\Connection->transaction(Object(Closure))
#10 /Users/tumaini/workspace/sandbox/jubilee/sms-sender/vendor/illuminate/database/Migrations/Migrator.php(195): Illuminate\\Database\\Migrations\\Migrator->runMigration(Object(CreateOutgoingSmsTable), 'up')
#11 /Users/tumaini/workspace/sandbox/jubilee/sms-sender/vendor/illuminate/database/Migrations/Migrator.php(162): Illuminate\\Database\\Migrations\\Migrator->runUp('/Users/tumaini/...', 14, false)
#12 /Users/tumaini/workspace/sandbox/jubilee/sms-sender/vendor/illuminate/database/Migrations/Migrator.php(109): Illuminate\\Database\\Migrations\\Migrator->runPending(Array, Array)
#13 /Users/tumaini/workspace/sandbox/jubilee/sms-sender/vendor/illuminate/database/Console/Migrations/MigrateCommand.php(71): Illuminate\\Database\\Migrations\\Migrator->run(Array, Array)
#14 [internal function]: Illuminate\\Database\\Console\\Migrations\\MigrateCommand->handle()
#15 /Users/tumaini/workspace/sandbox/jubilee/sms-sender/vendor/illuminate/container/BoundMethod.php(32): call_user_func_array(Array, Array)
#16 /Users/tumaini/workspace/sandbox/jubilee/sms-sender/vendor/illuminate/container/BoundMethod.php(90): Illuminate\\Container\\BoundMethod::Illuminate\\Container\\{closure}()
#17 /Users/tumaini/workspace/sandbox/jubilee/sms-sender/vendor/illuminate/container/BoundMethod.php(34): Illuminate\\Container\\BoundMethod::callBoundMethod(Object(LaravelZero\\Framework\\Application), Array, Object(Closure))
#18 /Users/tumaini/workspace/sandbox/jubilee/sms-sender/vendor/illuminate/container/Container.php(576): Illuminate\\Container\\BoundMethod::call(Object(LaravelZero\\Framework\\Application), Array, Array, NULL)
#19 /Users/tumaini/workspace/sandbox/jubilee/sms-sender/vendor/illuminate/console/Command.php(183): Illuminate\\Container\\Container->call(Array)
#20 /Users/tumaini/workspace/sandbox/jubilee/sms-sender/vendor/symfony/console/Command/Command.php(255): Illuminate\\Console\\Command->execute(Object(Symfony\\Component\\Console\\Input\\ArgvInput), Object(Illuminate\\Console\\OutputStyle))
#21 /Users/tumaini/workspace/sandbox/jubilee/sms-sender/vendor/illuminate/console/Command.php(170): Symfony\\Component\\Console\\Command\\Command->run(Object(Symfony\\Component\\Console\\Input\\ArgvInput), Object(Illuminate\\Console\\OutputStyle))
#22 /Users/tumaini/workspace/sandbox/jubilee/sms-sender/vendor/symfony/console/Application.php(921): Illuminate\\Console\\Command->run(Object(Symfony\\Component\\Console\\Input\\ArgvInput), Object(Symfony\\Component\\Console\\Output\\ConsoleOutput))
#23 /Users/tumaini/workspace/sandbox/jubilee/sms-sender/vendor/symfony/console/Application.php(273): Symfony\\Component\\Console\\Application->doRunCommand(Object(Illuminate\\Database\\Console\\Migrations\\MigrateCommand), Object(Symfony\\Component\\Console\\Input\\ArgvInput), Object(Symfony\\Component\\Console\\Output\\ConsoleOutput))
#24 /Users/tumaini/workspace/sandbox/jubilee/sms-sender/vendor/symfony/console/Application.php(149): Symfony\\Component\\Console\\Application->doRun(Object(Symfony\\Component\\Console\\Input\\ArgvInput), Object(Symfony\\Component\\Console\\Output\\ConsoleOutput))
#25 /Users/tumaini/workspace/sandbox/jubilee/sms-sender/vendor/illuminate/console/Application.php(90): Symfony\\Component\\Console\\Application->run(Object(Symfony\\Component\\Console\\Input\\ArgvInput), Object(Symfony\\Component\\Console\\Output\\ConsoleOutput))
#26 /Users/tumaini/workspace/sandbox/jubilee/sms-sender/vendor/laravel-zero/foundation/src/Illuminate/Foundation/Console/Kernel.php(122): Illuminate\\Console\\Application->run(Object(Symfony\\Component\\Console\\Input\\ArgvInput), Object(Symfony\\Component\\Console\\Output\\ConsoleOutput))
#27 /Users/tumaini/workspace/sandbox/jubilee/sms-sender/vendor/laravel-zero/framework/src/Kernel.php(77): Illuminate\\Foundation\\Console\\Kernel->handle(Object(Symfony\\Component\\Console\\Input\\ArgvInput), Object(Symfony\\Component\\Console\\Output\\ConsoleOutput))
#28 /Users/tumaini/workspace/sandbox/jubilee/sms-sender/sms-sender(37): LaravelZero\\Framework\\Kernel->handle(Object(Symfony\\Component\\Console\\Input\\ArgvInput), Object(Symfony\\Component\\Console\\Output\\ConsoleOutput))
#29 {main}
"} 
[2019-06-22 10:41:59] development.DEBUG: Sent To: 255652393582, Content: Hello SMS  
[2019-06-22 10:44:37] development.DEBUG: Sent To: 255652393582, Content: Hello SMS  
[2019-06-22 11:15:43] development.ERROR: Class 'App\Services\infobip\api\configuration\BasicAuthConfiguration' not found {"exception":"[object] (Symfony\\Component\\Debug\\Exception\\FatalThrowableError(code: 0): Class 'App\\Services\\infobip\\api\\configuration\\BasicAuthConfiguration' not found at /Users/tumaini/workspace/sandbox/jubilee/sms-sender/app/Services/SmsService.php:22)
[stacktrace]
#0 /Users/tumaini/workspace/sandbox/jubilee/sms-sender/app/Commands/ProcessOutgoing.php(53): App\\Services\\SmsService->__construct()
#1 /Users/tumaini/workspace/sandbox/jubilee/sms-sender/vendor/nunomaduro/laravel-console-task/src/LaravelConsoleTaskServiceProvider.php(49): App\\Commands\\ProcessOutgoing->App\\Commands\\{closure}()
#2 [internal function]: App\\Commands\\ProcessOutgoing->NunoMaduro\\LaravelConsoleTask\\{closure}('Sending message...', Object(Closure))
#3 /Users/tumaini/workspace/sandbox/jubilee/sms-sender/vendor/illuminate/support/Traits/Macroable.php(110): call_user_func_array(Object(Closure), Array)
#4 /Users/tumaini/workspace/sandbox/jubilee/sms-sender/vendor/laravel-zero/framework/src/Commands/Command.php(56): Illuminate\\Console\\Command->__call('task', Array)
#5 /Users/tumaini/workspace/sandbox/jubilee/sms-sender/app/Commands/ProcessOutgoing.php(76): LaravelZero\\Framework\\Commands\\Command->task('Sending message...', Object(Closure))
#6 [internal function]: App\\Commands\\ProcessOutgoing->handle()
#7 /Users/tumaini/workspace/sandbox/jubilee/sms-sender/vendor/illuminate/container/BoundMethod.php(32): call_user_func_array(Array, Array)
#8 /Users/tumaini/workspace/sandbox/jubilee/sms-sender/vendor/illuminate/container/BoundMethod.php(90): Illuminate\\Container\\BoundMethod::Illuminate\\Container\\{closure}()
#9 /Users/tumaini/workspace/sandbox/jubilee/sms-sender/vendor/illuminate/container/BoundMethod.php(34): Illuminate\\Container\\BoundMethod::callBoundMethod(Object(LaravelZero\\Framework\\Application), Array, Object(Closure))
#10 /Users/tumaini/workspace/sandbox/jubilee/sms-sender/vendor/illuminate/container/Container.php(576): Illuminate\\Container\\BoundMethod::call(Object(LaravelZero\\Framework\\Application), Array, Array, NULL)
#11 /Users/tumaini/workspace/sandbox/jubilee/sms-sender/vendor/illuminate/console/Command.php(183): Illuminate\\Container\\Container->call(Array)
#12 /Users/tumaini/workspace/sandbox/jubilee/sms-sender/vendor/symfony/console/Command/Command.php(255): Illuminate\\Console\\Command->execute(Object(Symfony\\Component\\Console\\Input\\ArgvInput), Object(Illuminate\\Console\\OutputStyle))
#13 /Users/tumaini/workspace/sandbox/jubilee/sms-sender/vendor/illuminate/console/Command.php(170): Symfony\\Component\\Console\\Command\\Command->run(Object(Symfony\\Component\\Console\\Input\\ArgvInput), Object(Illuminate\\Console\\OutputStyle))
#14 /Users/tumaini/workspace/sandbox/jubilee/sms-sender/vendor/symfony/console/Application.php(921): Illuminate\\Console\\Command->run(Object(Symfony\\Component\\Console\\Input\\ArgvInput), Object(Symfony\\Component\\Console\\Output\\ConsoleOutput))
#15 /Users/tumaini/workspace/sandbox/jubilee/sms-sender/vendor/symfony/console/Application.php(273): Symfony\\Component\\Console\\Application->doRunCommand(Object(App\\Commands\\ProcessOutgoing), Object(Symfony\\Component\\Console\\Input\\ArgvInput), Object(Symfony\\Component\\Console\\Output\\ConsoleOutput))
#16 /Users/tumaini/workspace/sandbox/jubilee/sms-sender/vendor/symfony/console/Application.php(149): Symfony\\Component\\Console\\Application->doRun(Object(Symfony\\Component\\Console\\Input\\ArgvInput), Object(Symfony\\Component\\Console\\Output\\ConsoleOutput))
#17 /Users/tumaini/workspace/sandbox/jubilee/sms-sender/vendor/illuminate/console/Application.php(90): Symfony\\Component\\Console\\Application->run(Object(Symfony\\Component\\Console\\Input\\ArgvInput), Object(Symfony\\Component\\Console\\Output\\ConsoleOutput))
#18 /Users/tumaini/workspace/sandbox/jubilee/sms-sender/vendor/laravel-zero/foundation/src/Illuminate/Foundation/Console/Kernel.php(122): Illuminate\\Console\\Application->run(Object(Symfony\\Component\\Console\\Input\\ArgvInput), Object(Symfony\\Component\\Console\\Output\\ConsoleOutput))
#19 /Users/tumaini/workspace/sandbox/jubilee/sms-sender/vendor/laravel-zero/framework/src/Kernel.php(77): Illuminate\\Foundation\\Console\\Kernel->handle(Object(Symfony\\Component\\Console\\Input\\ArgvInput), Object(Symfony\\Component\\Console\\Output\\ConsoleOutput))
#20 /Users/tumaini/workspace/sandbox/jubilee/sms-sender/sms-sender(37): LaravelZero\\Framework\\Kernel->handle(Object(Symfony\\Component\\Console\\Input\\ArgvInput), Object(Symfony\\Component\\Console\\Output\\ConsoleOutput))
#21 {main}
"} 
[2019-06-22 11:16:20] development.DEBUG: Sending To: 255652393582, Content: Hello SMS  
[2019-06-22 11:17:39] development.DEBUG: Sending To: +255652393582, Content: Hello Infobip  
[2019-06-22 11:17:40] development.DEBUG: Sending To: 255738945888, Content: Hello TTCL  
[2019-06-22 11:19:03] development.DEBUG: Sending To: +255652393582, From: IBTEST, Content: Hello Infobip  
[2019-06-22 11:19:05] development.DEBUG: Sending To: +255738945888, From: IBTEST, Content: Hello TTCL  
[2019-06-22 11:27:12] development.DEBUG: Sending To: +255684467838, From: IBTEST, Content: Call me  
[2019-06-22 16:48:12] development.ERROR: Class auth does not exist {"exception":"[object] (ReflectionException(code: -1): Class auth does not exist at /Users/tumaini/workspace/sandbox/jubilee/sms-sender/vendor/illuminate/container/Container.php:790)
[stacktrace]
#0 /Users/tumaini/workspace/sandbox/jubilee/sms-sender/vendor/illuminate/container/Container.php(790): ReflectionClass->__construct('auth')
#1 /Users/tumaini/workspace/sandbox/jubilee/sms-sender/vendor/illuminate/container/Container.php(667): Illuminate\\Container\\Container->build('auth')
#2 /Users/tumaini/workspace/sandbox/jubilee/sms-sender/vendor/illuminate/container/Container.php(615): Illuminate\\Container\\Container->resolve('auth', Array)
#3 /Users/tumaini/workspace/sandbox/jubilee/sms-sender/vendor/laravel-zero/foundation/src/Illuminate/Foundation/Application.php(756): Illuminate\\Container\\Container->make('auth', Array)
#4 /Users/tumaini/workspace/sandbox/jubilee/sms-sender/vendor/illuminate/container/Container.php(1225): Illuminate\\Foundation\\Application->make('auth')
#5 /Users/tumaini/workspace/sandbox/jubilee/sms-sender/vendor/illuminate/support/Facades/Facade.php(175): Illuminate\\Container\\Container->offsetGet('auth')
#6 /Users/tumaini/workspace/sandbox/jubilee/sms-sender/vendor/illuminate/support/Facades/Facade.php(144): Illuminate\\Support\\Facades\\Facade::resolveFacadeInstance('auth')
#7 /Users/tumaini/workspace/sandbox/jubilee/sms-sender/vendor/illuminate/support/Facades/Facade.php(231): Illuminate\\Support\\Facades\\Facade::getFacadeRoot()
#8 /Users/tumaini/workspace/sandbox/jubilee/sms-sender/vendor/yajra/laravel-oci8/src/Oci8/Oci8ServiceProvider.php(31): Illuminate\\Support\\Facades\\Facade::__callStatic('provider', Array)
#9 [internal function]: Yajra\\Oci8\\Oci8ServiceProvider->boot()
#10 /Users/tumaini/workspace/sandbox/jubilee/sms-sender/vendor/illuminate/container/BoundMethod.php(32): call_user_func_array(Array, Array)
#11 /Users/tumaini/workspace/sandbox/jubilee/sms-sender/vendor/illuminate/container/BoundMethod.php(90): Illuminate\\Container\\BoundMethod::Illuminate\\Container\\{closure}()
#12 /Users/tumaini/workspace/sandbox/jubilee/sms-sender/vendor/illuminate/container/BoundMethod.php(34): Illuminate\\Container\\BoundMethod::callBoundMethod(Object(LaravelZero\\Framework\\Application), Array, Object(Closure))
#13 /Users/tumaini/workspace/sandbox/jubilee/sms-sender/vendor/illuminate/container/Container.php(576): Illuminate\\Container\\BoundMethod::call(Object(LaravelZero\\Framework\\Application), Array, Array, NULL)
#14 /Users/tumaini/workspace/sandbox/jubilee/sms-sender/vendor/laravel-zero/foundation/src/Illuminate/Foundation/Application.php(816): Illuminate\\Container\\Container->call(Array)
#15 /Users/tumaini/workspace/sandbox/jubilee/sms-sender/vendor/laravel-zero/foundation/src/Illuminate/Foundation/Application.php(799): Illuminate\\Foundation\\Application->bootProvider(Object(Yajra\\Oci8\\Oci8ServiceProvider))
#16 [internal function]: Illuminate\\Foundation\\Application->Illuminate\\Foundation\\{closure}(Object(Yajra\\Oci8\\Oci8ServiceProvider), 1)
#17 /Users/tumaini/workspace/sandbox/jubilee/sms-sender/vendor/laravel-zero/foundation/src/Illuminate/Foundation/Application.php(800): array_walk(Array, Object(Closure))
#18 /Users/tumaini/workspace/sandbox/jubilee/sms-sender/vendor/laravel-zero/foundation/src/Illuminate/Foundation/Bootstrap/BootProviders.php(17): Illuminate\\Foundation\\Application->boot()
#19 /Users/tumaini/workspace/sandbox/jubilee/sms-sender/vendor/laravel-zero/foundation/src/Illuminate/Foundation/Application.php(209): Illuminate\\Foundation\\Bootstrap\\BootProviders->bootstrap(Object(LaravelZero\\Framework\\Application))
#20 /Users/tumaini/workspace/sandbox/jubilee/sms-sender/vendor/laravel-zero/foundation/src/Illuminate/Foundation/Console/Kernel.php(311): Illuminate\\Foundation\\Application->bootstrapWith(Array)
#21 /Users/tumaini/workspace/sandbox/jubilee/sms-sender/vendor/laravel-zero/framework/src/Kernel.php(85): Illuminate\\Foundation\\Console\\Kernel->bootstrap()
#22 /Users/tumaini/workspace/sandbox/jubilee/sms-sender/vendor/laravel-zero/foundation/src/Illuminate/Foundation/Console/Kernel.php(120): LaravelZero\\Framework\\Kernel->bootstrap()
#23 /Users/tumaini/workspace/sandbox/jubilee/sms-sender/vendor/laravel-zero/framework/src/Kernel.php(77): Illuminate\\Foundation\\Console\\Kernel->handle(Object(Symfony\\Component\\Console\\Input\\ArgvInput), Object(Symfony\\Component\\Console\\Output\\ConsoleOutput))
#24 /Users/tumaini/workspace/sandbox/jubilee/sms-sender/sms-sender(37): LaravelZero\\Framework\\Kernel->handle(Object(Symfony\\Component\\Console\\Input\\ArgvInput), Object(Symfony\\Component\\Console\\Output\\ConsoleOutput))
#25 {main}
"} 
