[2019-06-22 11:56:50] development.ERROR: The process "composer require zendframework/zend-text "^2.7"" exceeded the timeout of 300 seconds. {"exception":"[object] (Symfony\\Component\\Process\\Exception\\ProcessTimedOutException(code: 0): The process \"composer require zendframework/zend-text \"^2.7\"\" exceeded the timeout of 300 seconds. at /Users/tumaini/workspace/sandbox/jubilee/sms-sender/vendor/symfony/process/Process.php:1237)
[stacktrace]
#0 /Users/tumaini/workspace/sandbox/jubilee/sms-sender/vendor/symfony/process/Process.php(416): Symfony\\Component\\Process\\Process->checkTimeout()
#1 /Users/tumaini/workspace/sandbox/jubilee/sms-sender/vendor/symfony/process/Process.php(235): Symfony\\Component\\Process\\Process->wait()
#2 /Users/tumaini/workspace/sandbox/jubilee/sms-sender/vendor/laravel-zero/framework/src/Providers/Composer/Composer.php(112): Symfony\\Component\\Process\\Process->run(Object(Closure))
#3 /Users/tumaini/workspace/sandbox/jubilee/sms-sender/vendor/laravel-zero/framework/src/Providers/Composer/Composer.php(69): LaravelZero\\Framework\\Providers\\Composer\\Composer->run('composer requir...', '/Users/tumaini/...')
#4 /Users/tumaini/workspace/sandbox/jubilee/sms-sender/vendor/laravel-zero/framework/src/Components/AbstractInstaller.php(72): LaravelZero\\Framework\\Providers\\Composer\\Composer->require('zendframework/z...')
#5 /Users/tumaini/workspace/sandbox/jubilee/sms-sender/vendor/nunomaduro/laravel-console-task/src/LaravelConsoleTaskServiceProvider.php(49): LaravelZero\\Framework\\Components\\AbstractInstaller->LaravelZero\\Framework\\Components\\{closure}()
#6 [internal function]: LaravelZero\\Framework\\Components\\Logo\\Installer->NunoMaduro\\LaravelConsoleTask\\{closure}('Require package...', Object(Closure))
#7 /Users/tumaini/workspace/sandbox/jubilee/sms-sender/vendor/illuminate/support/Traits/Macroable.php(110): call_user_func_array(Object(Closure), Array)
#8 /Users/tumaini/workspace/sandbox/jubilee/sms-sender/vendor/laravel-zero/framework/src/Commands/Command.php(56): Illuminate\\Console\\Command->__call('task', Array)
#9 /Users/tumaini/workspace/sandbox/jubilee/sms-sender/vendor/laravel-zero/framework/src/Components/AbstractInstaller.php(73): LaravelZero\\Framework\\Commands\\Command->task('Require package...', Object(Closure))
#10 /Users/tumaini/workspace/sandbox/jubilee/sms-sender/vendor/laravel-zero/framework/src/Components/Logo/Installer.php(44): LaravelZero\\Framework\\Components\\AbstractInstaller->require('zendframework/z...')
#11 /Users/tumaini/workspace/sandbox/jubilee/sms-sender/vendor/laravel-zero/framework/src/Components/AbstractInstaller.php(57): LaravelZero\\Framework\\Components\\Logo\\Installer->install()
#12 [internal function]: LaravelZero\\Framework\\Components\\AbstractInstaller->handle()
#13 /Users/tumaini/workspace/sandbox/jubilee/sms-sender/vendor/illuminate/container/BoundMethod.php(32): call_user_func_array(Array, Array)
#14 /Users/tumaini/workspace/sandbox/jubilee/sms-sender/vendor/illuminate/container/BoundMethod.php(90): Illuminate\\Container\\BoundMethod::Illuminate\\Container\\{closure}()
#15 /Users/tumaini/workspace/sandbox/jubilee/sms-sender/vendor/illuminate/container/BoundMethod.php(34): Illuminate\\Container\\BoundMethod::callBoundMethod(Object(LaravelZero\\Framework\\Application), Array, Object(Closure))
#16 /Users/tumaini/workspace/sandbox/jubilee/sms-sender/vendor/illuminate/container/Container.php(576): Illuminate\\Container\\BoundMethod::call(Object(LaravelZero\\Framework\\Application), Array, Array, NULL)
#17 /Users/tumaini/workspace/sandbox/jubilee/sms-sender/vendor/illuminate/console/Command.php(183): Illuminate\\Container\\Container->call(Array)
#18 /Users/tumaini/workspace/sandbox/jubilee/sms-sender/vendor/symfony/console/Command/Command.php(255): Illuminate\\Console\\Command->execute(Object(Symfony\\Component\\Console\\Input\\ArrayInput), Object(Illuminate\\Console\\OutputStyle))
#19 /Users/tumaini/workspace/sandbox/jubilee/sms-sender/vendor/illuminate/console/Command.php(170): Symfony\\Component\\Console\\Command\\Command->run(Object(Symfony\\Component\\Console\\Input\\ArrayInput), Object(Illuminate\\Console\\OutputStyle))
#20 /Users/tumaini/workspace/sandbox/jubilee/sms-sender/vendor/laravel-zero/framework/src/Commands/InstallCommand.php(70): Illuminate\\Console\\Command->run(Object(Symfony\\Component\\Console\\Input\\ArrayInput), Object(Illuminate\\Console\\OutputStyle))
#21 [internal function]: LaravelZero\\Framework\\Commands\\InstallCommand->handle()
#22 /Users/tumaini/workspace/sandbox/jubilee/sms-sender/vendor/illuminate/container/BoundMethod.php(32): call_user_func_array(Array, Array)
#23 /Users/tumaini/workspace/sandbox/jubilee/sms-sender/vendor/illuminate/container/BoundMethod.php(90): Illuminate\\Container\\BoundMethod::Illuminate\\Container\\{closure}()
#24 /Users/tumaini/workspace/sandbox/jubilee/sms-sender/vendor/illuminate/container/BoundMethod.php(34): Illuminate\\Container\\BoundMethod::callBoundMethod(Object(LaravelZero\\Framework\\Application), Array, Object(Closure))
#25 /Users/tumaini/workspace/sandbox/jubilee/sms-sender/vendor/illuminate/container/Container.php(576): Illuminate\\Container\\BoundMethod::call(Object(LaravelZero\\Framework\\Application), Array, Array, NULL)
#26 /Users/tumaini/workspace/sandbox/jubilee/sms-sender/vendor/illuminate/console/Command.php(183): Illuminate\\Container\\Container->call(Array)
#27 /Users/tumaini/workspace/sandbox/jubilee/sms-sender/vendor/symfony/console/Command/Command.php(255): Illuminate\\Console\\Command->execute(Object(Symfony\\Component\\Console\\Input\\ArgvInput), Object(Illuminate\\Console\\OutputStyle))
#28 /Users/tumaini/workspace/sandbox/jubilee/sms-sender/vendor/illuminate/console/Command.php(170): Symfony\\Component\\Console\\Command\\Command->run(Object(Symfony\\Component\\Console\\Input\\ArgvInput), Object(Illuminate\\Console\\OutputStyle))
#29 /Users/tumaini/workspace/sandbox/jubilee/sms-sender/vendor/symfony/console/Application.php(921): Illuminate\\Console\\Command->run(Object(Symfony\\Component\\Console\\Input\\ArgvInput), Object(Symfony\\Component\\Console\\Output\\ConsoleOutput))
#30 /Users/tumaini/workspace/sandbox/jubilee/sms-sender/vendor/symfony/console/Application.php(273): Symfony\\Component\\Console\\Application->doRunCommand(Object(LaravelZero\\Framework\\Commands\\InstallCommand), Object(Symfony\\Component\\Console\\Input\\ArgvInput), Object(Symfony\\Component\\Console\\Output\\ConsoleOutput))
#31 /Users/tumaini/workspace/sandbox/jubilee/sms-sender/vendor/symfony/console/Application.php(149): Symfony\\Component\\Console\\Application->doRun(Object(Symfony\\Component\\Console\\Input\\ArgvInput), Object(Symfony\\Component\\Console\\Output\\ConsoleOutput))
#32 /Users/tumaini/workspace/sandbox/jubilee/sms-sender/vendor/illuminate/console/Application.php(90): Symfony\\Component\\Console\\Application->run(Object(Symfony\\Component\\Console\\Input\\ArgvInput), Object(Symfony\\Component\\Console\\Output\\ConsoleOutput))
#33 /Users/tumaini/workspace/sandbox/jubilee/sms-sender/vendor/laravel-zero/foundation/src/Illuminate/Foundation/Console/Kernel.php(122): Illuminate\\Console\\Application->run(Object(Symfony\\Component\\Console\\Input\\ArgvInput), Object(Symfony\\Component\\Console\\Output\\ConsoleOutput))
#34 /Users/tumaini/workspace/sandbox/jubilee/sms-sender/vendor/laravel-zero/framework/src/Kernel.php(77): Illuminate\\Foundation\\Console\\Kernel->handle(Object(Symfony\\Component\\Console\\Input\\ArgvInput), Object(Symfony\\Component\\Console\\Output\\ConsoleOutput))
#35 /Users/tumaini/workspace/sandbox/jubilee/sms-sender/sms-sender(37): LaravelZero\\Framework\\Kernel->handle(Object(Symfony\\Component\\Console\\Input\\ArgvInput), Object(Symfony\\Component\\Console\\Output\\ConsoleOutput))
#36 {main}
"} 
[2019-06-22 17:12:50] development.ERROR: Class auth does not exist {"exception":"[object] (ReflectionException(code: -1): Class auth does not exist at /Users/tumaini/workspace/sandbox/jubilee/sms-sender/vendor/illuminate/container/Container.php:790)
[stacktrace]
#0 /Users/tumaini/workspace/sandbox/jubilee/sms-sender/vendor/illuminate/container/Container.php(790): ReflectionClass->__construct('auth')
#1 /Users/tumaini/workspace/sandbox/jubilee/sms-sender/vendor/illuminate/container/Container.php(667): Illuminate\\Container\\Container->build('auth')
#2 /Users/tumaini/workspace/sandbox/jubilee/sms-sender/vendor/illuminate/container/Container.php(615): Illuminate\\Container\\Container->resolve('auth', Array)
#3 /Users/tumaini/workspace/sandbox/jubilee/sms-sender/vendor/laravel-zero/foundation/src/Illuminate/Foundation/Application.php(756): Illuminate\\Container\\Container->make('auth', Array)
#4 /Users/tumaini/workspace/sandbox/jubilee/sms-sender/vendor/illuminate/container/Container.php(1225): Illuminate\\Foundation\\Application->make('auth')
#5 /Users/tumaini/workspace/sandbox/jubilee/sms-sender/vendor/illuminate/support/Facades/Facade.php(175): Illuminate\\Container\\Container->offsetGet('auth')
#6 /Users/tumaini/workspace/sandbox/jubilee/sms-sender/vendor/illuminate/support/Facades/Facade.php(144): Illuminate\\Support\\Facades\\Facade::resolveFacadeInstance('auth')
#7 /Users/tumaini/workspace/sandbox/jubilee/sms-sender/vendor/illuminate/support/Facades/Facade.php(231): Illuminate\\Support\\Facades\\Facade::getFacadeRoot()
#8 /Users/tumaini/workspace/sandbox/jubilee/sms-sender/vendor/yajra/laravel-oci8/src/Oci8/Oci8ServiceProvider.php(31): Illuminate\\Support\\Facades\\Facade::__callStatic('provider', Array)
#9 [internal function]: Yajra\\Oci8\\Oci8ServiceProvider->boot()
#10 /Users/tumaini/workspace/sandbox/jubilee/sms-sender/vendor/illuminate/container/BoundMethod.php(32): call_user_func_array(Array, Array)
#11 /Users/tumaini/workspace/sandbox/jubilee/sms-sender/vendor/illuminate/container/BoundMethod.php(90): Illuminate\\Container\\BoundMethod::Illuminate\\Container\\{closure}()
#12 /Users/tumaini/workspace/sandbox/jubilee/sms-sender/vendor/illuminate/container/BoundMethod.php(34): Illuminate\\Container\\BoundMethod::callBoundMethod(Object(LaravelZero\\Framework\\Application), Array, Object(Closure))
#13 /Users/tumaini/workspace/sandbox/jubilee/sms-sender/vendor/illuminate/container/Container.php(576): Illuminate\\Container\\BoundMethod::call(Object(LaravelZero\\Framework\\Application), Array, Array, NULL)
#14 /Users/tumaini/workspace/sandbox/jubilee/sms-sender/vendor/laravel-zero/foundation/src/Illuminate/Foundation/Application.php(816): Illuminate\\Container\\Container->call(Array)
#15 /Users/tumaini/workspace/sandbox/jubilee/sms-sender/vendor/laravel-zero/foundation/src/Illuminate/Foundation/Application.php(799): Illuminate\\Foundation\\Application->bootProvider(Object(Yajra\\Oci8\\Oci8ServiceProvider))
#16 [internal function]: Illuminate\\Foundation\\Application->Illuminate\\Foundation\\{closure}(Object(Yajra\\Oci8\\Oci8ServiceProvider), 2)
#17 /Users/tumaini/workspace/sandbox/jubilee/sms-sender/vendor/laravel-zero/foundation/src/Illuminate/Foundation/Application.php(800): array_walk(Array, Object(Closure))
#18 /Users/tumaini/workspace/sandbox/jubilee/sms-sender/vendor/laravel-zero/foundation/src/Illuminate/Foundation/Bootstrap/BootProviders.php(17): Illuminate\\Foundation\\Application->boot()
#19 /Users/tumaini/workspace/sandbox/jubilee/sms-sender/vendor/laravel-zero/foundation/src/Illuminate/Foundation/Application.php(209): Illuminate\\Foundation\\Bootstrap\\BootProviders->bootstrap(Object(LaravelZero\\Framework\\Application))
#20 /Users/tumaini/workspace/sandbox/jubilee/sms-sender/vendor/laravel-zero/foundation/src/Illuminate/Foundation/Console/Kernel.php(311): Illuminate\\Foundation\\Application->bootstrapWith(Array)
#21 /Users/tumaini/workspace/sandbox/jubilee/sms-sender/vendor/laravel-zero/framework/src/Kernel.php(85): Illuminate\\Foundation\\Console\\Kernel->bootstrap()
#22 /Users/tumaini/workspace/sandbox/jubilee/sms-sender/vendor/laravel-zero/foundation/src/Illuminate/Foundation/Console/Kernel.php(120): LaravelZero\\Framework\\Kernel->bootstrap()
#23 /Users/tumaini/workspace/sandbox/jubilee/sms-sender/vendor/laravel-zero/framework/src/Kernel.php(77): Illuminate\\Foundation\\Console\\Kernel->handle(Object(Symfony\\Component\\Console\\Input\\ArgvInput), Object(Symfony\\Component\\Console\\Output\\ConsoleOutput))
#24 /Users/tumaini/workspace/sandbox/jubilee/sms-sender/sms-sender(37): LaravelZero\\Framework\\Kernel->handle(Object(Symfony\\Component\\Console\\Input\\ArgvInput), Object(Symfony\\Component\\Console\\Output\\ConsoleOutput))
#25 {main}
"} 
[2019-06-22 17:35:05] development.ERROR: Class auth does not exist {"exception":"[object] (ReflectionException(code: -1): Class auth does not exist at /Users/tumaini/workspace/sandbox/jubilee/sms-sender/vendor/illuminate/container/Container.php:790)
[stacktrace]
#0 /Users/tumaini/workspace/sandbox/jubilee/sms-sender/vendor/illuminate/container/Container.php(790): ReflectionClass->__construct('auth')
#1 /Users/tumaini/workspace/sandbox/jubilee/sms-sender/vendor/illuminate/container/Container.php(667): Illuminate\\Container\\Container->build('auth')
#2 /Users/tumaini/workspace/sandbox/jubilee/sms-sender/vendor/illuminate/container/Container.php(615): Illuminate\\Container\\Container->resolve('auth', Array)
#3 /Users/tumaini/workspace/sandbox/jubilee/sms-sender/vendor/laravel-zero/foundation/src/Illuminate/Foundation/Application.php(756): Illuminate\\Container\\Container->make('auth', Array)
#4 /Users/tumaini/workspace/sandbox/jubilee/sms-sender/vendor/illuminate/container/Container.php(1225): Illuminate\\Foundation\\Application->make('auth')
#5 /Users/tumaini/workspace/sandbox/jubilee/sms-sender/vendor/illuminate/support/Facades/Facade.php(175): Illuminate\\Container\\Container->offsetGet('auth')
#6 /Users/tumaini/workspace/sandbox/jubilee/sms-sender/vendor/illuminate/support/Facades/Facade.php(144): Illuminate\\Support\\Facades\\Facade::resolveFacadeInstance('auth')
#7 /Users/tumaini/workspace/sandbox/jubilee/sms-sender/vendor/illuminate/support/Facades/Facade.php(231): Illuminate\\Support\\Facades\\Facade::getFacadeRoot()
#8 /Users/tumaini/workspace/sandbox/jubilee/sms-sender/vendor/yajra/laravel-oci8/src/Oci8/Oci8ServiceProvider.php(31): Illuminate\\Support\\Facades\\Facade::__callStatic('provider', Array)
#9 [internal function]: Yajra\\Oci8\\Oci8ServiceProvider->boot()
#10 /Users/tumaini/workspace/sandbox/jubilee/sms-sender/vendor/illuminate/container/BoundMethod.php(32): call_user_func_array(Array, Array)
#11 /Users/tumaini/workspace/sandbox/jubilee/sms-sender/vendor/illuminate/container/BoundMethod.php(90): Illuminate\\Container\\BoundMethod::Illuminate\\Container\\{closure}()
#12 /Users/tumaini/workspace/sandbox/jubilee/sms-sender/vendor/illuminate/container/BoundMethod.php(34): Illuminate\\Container\\BoundMethod::callBoundMethod(Object(LaravelZero\\Framework\\Application), Array, Object(Closure))
#13 /Users/tumaini/workspace/sandbox/jubilee/sms-sender/vendor/illuminate/container/Container.php(576): Illuminate\\Container\\BoundMethod::call(Object(LaravelZero\\Framework\\Application), Array, Array, NULL)
#14 /Users/tumaini/workspace/sandbox/jubilee/sms-sender/vendor/laravel-zero/foundation/src/Illuminate/Foundation/Application.php(816): Illuminate\\Container\\Container->call(Array)
#15 /Users/tumaini/workspace/sandbox/jubilee/sms-sender/vendor/laravel-zero/foundation/src/Illuminate/Foundation/Application.php(799): Illuminate\\Foundation\\Application->bootProvider(Object(Yajra\\Oci8\\Oci8ServiceProvider))
#16 [internal function]: Illuminate\\Foundation\\Application->Illuminate\\Foundation\\{closure}(Object(Yajra\\Oci8\\Oci8ServiceProvider), 2)
#17 /Users/tumaini/workspace/sandbox/jubilee/sms-sender/vendor/laravel-zero/foundation/src/Illuminate/Foundation/Application.php(800): array_walk(Array, Object(Closure))
#18 /Users/tumaini/workspace/sandbox/jubilee/sms-sender/vendor/laravel-zero/foundation/src/Illuminate/Foundation/Bootstrap/BootProviders.php(17): Illuminate\\Foundation\\Application->boot()
#19 /Users/tumaini/workspace/sandbox/jubilee/sms-sender/vendor/laravel-zero/foundation/src/Illuminate/Foundation/Application.php(209): Illuminate\\Foundation\\Bootstrap\\BootProviders->bootstrap(Object(LaravelZero\\Framework\\Application))
#20 /Users/tumaini/workspace/sandbox/jubilee/sms-sender/vendor/laravel-zero/foundation/src/Illuminate/Foundation/Console/Kernel.php(311): Illuminate\\Foundation\\Application->bootstrapWith(Array)
#21 /Users/tumaini/workspace/sandbox/jubilee/sms-sender/vendor/laravel-zero/framework/src/Kernel.php(85): Illuminate\\Foundation\\Console\\Kernel->bootstrap()
#22 /Users/tumaini/workspace/sandbox/jubilee/sms-sender/vendor/laravel-zero/foundation/src/Illuminate/Foundation/Console/Kernel.php(120): LaravelZero\\Framework\\Kernel->bootstrap()
#23 /Users/tumaini/workspace/sandbox/jubilee/sms-sender/vendor/laravel-zero/framework/src/Kernel.php(77): Illuminate\\Foundation\\Console\\Kernel->handle(Object(Symfony\\Component\\Console\\Input\\ArgvInput), Object(Symfony\\Component\\Console\\Output\\ConsoleOutput))
#24 /Users/tumaini/workspace/sandbox/jubilee/sms-sender/sms-sender(37): LaravelZero\\Framework\\Kernel->handle(Object(Symfony\\Component\\Console\\Input\\ArgvInput), Object(Symfony\\Component\\Console\\Output\\ConsoleOutput))
#25 {main}
"} 
[2019-06-22 18:01:16] development.DEBUG: Sending To: +255652393582, From: IBTEST, Content: Test  
