[2019-06-23 08:06:19] development.ERROR: Unable to detect application namespace. {"exception":"[object] (RuntimeException(code: 0): Unable to detect application namespace. at /Users/tumaini/workspace/sandbox/jubilee/sms-sender/vendor/laravel-zero/foundation/src/Illuminate/Foundation/Application.php:1186)
[stacktrace]
#0 /Users/tumaini/workspace/sandbox/jubilee/sms-sender/vendor/laravel-zero/foundation/src/Illuminate/Foundation/Console/Kernel.php(221): Illuminate\\Foundation\\Application->getNamespace()
#1 /Users/tumaini/workspace/sandbox/jubilee/sms-sender/vendor/laravel-zero/framework/src/Kernel.php(105): Illuminate\\Foundation\\Console\\Kernel->load(Array)
#2 /Users/tumaini/workspace/sandbox/jubilee/sms-sender/vendor/laravel-zero/foundation/src/Illuminate/Foundation/Console/Kernel.php(317): LaravelZero\\Framework\\Kernel->commands()
#3 /Users/tumaini/workspace/sandbox/jubilee/sms-sender/vendor/laravel-zero/framework/src/Kernel.php(85): Illuminate\\Foundation\\Console\\Kernel->bootstrap()
#4 /Users/tumaini/workspace/sandbox/jubilee/sms-sender/vendor/laravel-zero/foundation/src/Illuminate/Foundation/Console/Kernel.php(120): LaravelZero\\Framework\\Kernel->bootstrap()
#5 /Users/tumaini/workspace/sandbox/jubilee/sms-sender/vendor/laravel-zero/framework/src/Kernel.php(77): Illuminate\\Foundation\\Console\\Kernel->handle(Object(Symfony\\Component\\Console\\Input\\ArgvInput), Object(Symfony\\Component\\Console\\Output\\ConsoleOutput))
#6 /Users/tumaini/workspace/sandbox/jubilee/sms-sender/sms-sender(37): LaravelZero\\Framework\\Kernel->handle(Object(Symfony\\Component\\Console\\Input\\ArgvInput), Object(Symfony\\Component\\Console\\Output\\ConsoleOutput))
#7 {main}
"} 
[2019-06-23 08:06:42] development.ERROR: Unable to detect application namespace. {"exception":"[object] (RuntimeException(code: 0): Unable to detect application namespace. at /Users/tumaini/workspace/sandbox/jubilee/sms-sender/vendor/laravel-zero/foundation/src/Illuminate/Foundation/Application.php:1186)
[stacktrace]
#0 /Users/tumaini/workspace/sandbox/jubilee/sms-sender/vendor/laravel-zero/foundation/src/Illuminate/Foundation/Console/Kernel.php(221): Illuminate\\Foundation\\Application->getNamespace()
#1 /Users/tumaini/workspace/sandbox/jubilee/sms-sender/vendor/laravel-zero/framework/src/Kernel.php(105): Illuminate\\Foundation\\Console\\Kernel->load(Array)
#2 /Users/tumaini/workspace/sandbox/jubilee/sms-sender/vendor/laravel-zero/foundation/src/Illuminate/Foundation/Console/Kernel.php(317): LaravelZero\\Framework\\Kernel->commands()
#3 /Users/tumaini/workspace/sandbox/jubilee/sms-sender/vendor/laravel-zero/framework/src/Kernel.php(85): Illuminate\\Foundation\\Console\\Kernel->bootstrap()
#4 /Users/tumaini/workspace/sandbox/jubilee/sms-sender/vendor/laravel-zero/foundation/src/Illuminate/Foundation/Console/Kernel.php(120): LaravelZero\\Framework\\Kernel->bootstrap()
#5 /Users/tumaini/workspace/sandbox/jubilee/sms-sender/vendor/laravel-zero/framework/src/Kernel.php(77): Illuminate\\Foundation\\Console\\Kernel->handle(Object(Symfony\\Component\\Console\\Input\\ArgvInput), Object(Symfony\\Component\\Console\\Output\\ConsoleOutput))
#6 /Users/tumaini/workspace/sandbox/jubilee/sms-sender/sms-sender(37): LaravelZero\\Framework\\Kernel->handle(Object(Symfony\\Component\\Console\\Input\\ArgvInput), Object(Symfony\\Component\\Console\\Output\\ConsoleOutput))
#7 {main}
"} 
